IDENTIFICADOR DO ATAQUE: 1
ANO EM QUE O ATAQUE OCORREU: 2019
PAIS ONDE OCORREU O ATAQUE: CHINA
SETOR DA INDUSTRIA QUE SOFREU O ATAQUE: EDUCATION
TIPO DE AMEACA A SEGURANCA CIBERNETICA: PHISHING
PREJUIZO CAUSADO PELO ATAQUE: 80.53
ESTRATEGIA DE DEFESA CIBERNETICA EMPREGADA PARA RESOLVER O PROBLEMA: VPN

**********
IDENTIFICADOR DO ATAQUE: 2
ANO EM QUE O ATAQUE OCORREU: 2019
PAIS ONDE OCORREU O ATAQUE: CHINA
SETOR DA INDUSTRIA QUE SOFREU O ATAQUE: RETAIL
TIPO DE AMEACA A SEGURANCA CIBERNETICA: RANSOMWARE
PREJUIZO CAUSADO PELO ATAQUE: 62.19
ESTRATEGIA DE DEFESA CIBERNETICA EMPREGADA PARA RESOLVER O PROBLEMA: FIREWALL

IDENTIFICADOR DO ATAQUE: 26
ANO EM QUE O ATAQUE OCORREU: 2021
PAIS ONDE OCORREU O ATAQUE: CHINA
SETOR DA INDUSTRIA QUE SOFREU O ATAQUE: RETAIL
TIPO DE AMEACA A SEGURANCA CIBERNETICA: PHISHING
PREJUIZO CAUSADO PELO ATAQUE: 51.06
ESTRATEGIA DE DEFESA CIBERNETICA EMPREGADA PARA RESOLVER O PROBLEMA: AI-BASED DETECTION

IDENTIFICADOR DO ATAQUE: 172
ANO EM QUE O ATAQUE OCORREU: 2015
PAIS ONDE OCORREU O ATAQUE: CHINA
SETOR DA INDUSTRIA QUE SOFREU O ATAQUE: RETAIL
TIPO DE AMEACA A SEGURANCA CIBERNETICA: MALWARE
PREJUIZO CAUSADO PELO ATAQUE: 19.36
ESTRATEGIA DE DEFESA CIBERNETICA EMPREGADA PARA RESOLVER O PROBLEMA: ENCRYPTION

IDENTIFICADOR DO ATAQUE: 181
ANO EM QUE O ATAQUE OCORREU: 2019
PAIS ONDE OCORREU O ATAQUE: CHINA
SETOR DA INDUSTRIA QUE SOFREU O ATAQUE: RETAIL
TIPO DE AMEACA A SEGURANCA CIBERNETICA: RANSOMWARE
PREJUIZO CAUSADO PELO ATAQUE: 6.08
ESTRATEGIA DE DEFESA CIBERNETICA EMPREGADA PARA RESOLVER O PROBLEMA: VPN

IDENTIFICADOR DO ATAQUE: 200
ANO EM QUE O ATAQUE OCORREU: 2015
PAIS ONDE OCORREU O ATAQUE: CHINA
SETOR DA INDUSTRIA QUE SOFREU O ATAQUE: RETAIL
TIPO DE AMEACA A SEGURANCA CIBERNETICA: MAN-IN-THE-MIDDLE
PREJUIZO CAUSADO PELO ATAQUE: 47.20
ESTRATEGIA DE DEFESA CIBERNETICA EMPREGADA PARA RESOLVER O PROBLEMA: VPN

IDENTIFICADOR DO ATAQUE: 218
ANO EM QUE O ATAQUE OCORREU: 2019
PAIS ONDE OCORREU O ATAQUE: CHINA
SETOR DA INDUSTRIA QUE SOFREU O ATAQUE: RETAIL
TIPO DE AMEACA A SEGURANCA CIBERNETICA: DDOS
PREJUIZO CAUSADO PELO ATAQUE: 7.87
ESTRATEGIA DE DEFESA CIBERNETICA EMPREGADA PARA RESOLVER O PROBLEMA: ANTIVIRUS

IDENTIFICADOR DO ATAQUE: 373
ANO EM QUE O ATAQUE OCORREU: 2018
PAIS ONDE OCORREU O ATAQUE: CHINA
SETOR DA INDUSTRIA QUE SOFREU O ATAQUE: RETAIL
TIPO DE AMEACA A SEGURANCA CIBERNETICA: RANSOMWARE
PREJUIZO CAUSADO PELO ATAQUE: 35.08
ESTRATEGIA DE DEFESA CIBERNETICA EMPREGADA PARA RESOLVER O PROBLEMA: ANTIVIRUS

IDENTIFICADOR DO ATAQUE: 559
ANO EM QUE O ATAQUE OCORREU: 2022
PAIS ONDE OCORREU O ATAQUE: CHINA
SETOR DA INDUSTRIA QUE SOFREU O ATAQUE: RETAIL
TIPO DE AMEACA A SEGURANCA CIBERNETICA: PHISHING
PREJUIZO CAUSADO PELO ATAQUE: 31.35
ESTRATEGIA DE DEFESA CIBERNETICA EMPREGADA PARA RESOLVER O PROBLEMA: FIREWALL

IDENTIFICADOR DO ATAQUE: 720
ANO EM QUE O ATAQUE OCORREU: 2022
PAIS ONDE OCORREU O ATAQUE: CHINA
SETOR DA INDUSTRIA QUE SOFREU O ATAQUE: RETAIL
TIPO DE AMEACA A SEGURANCA CIBERNETICA: PHISHING
PREJUIZO CAUSADO PELO ATAQUE: 33.69
ESTRATEGIA DE DEFESA CIBERNETICA EMPREGADA PARA RESOLVER O PROBLEMA: AI-BASED DETECTION

IDENTIFICADOR DO ATAQUE: 753
ANO EM QUE O ATAQUE OCORREU: 2024
PAIS ONDE OCORREU O ATAQUE: CHINA
SETOR DA INDUSTRIA QUE SOFREU O ATAQUE: RETAIL
TIPO DE AMEACA A SEGURANCA CIBERNETICA: MALWARE
PREJUIZO CAUSADO PELO ATAQUE: 34.49
ESTRATEGIA DE DEFESA CIBERNETICA EMPREGADA PARA RESOLVER O PROBLEMA: VPN

IDENTIFICADOR DO ATAQUE: 846
ANO EM QUE O ATAQUE OCORREU: 2017
PAIS ONDE OCORREU O ATAQUE: CHINA
SETOR DA INDUSTRIA QUE SOFREU O ATAQUE: RETAIL
TIPO DE AMEACA A SEGURANCA CIBERNETICA: PHISHING
PREJUIZO CAUSADO PELO ATAQUE: 45.83
ESTRATEGIA DE DEFESA CIBERNETICA EMPREGADA PARA RESOLVER O PROBLEMA: ENCRYPTION

IDENTIFICADOR DO ATAQUE: 960
ANO EM QUE O ATAQUE OCORREU: 2023
PAIS ONDE OCORREU O ATAQUE: CHINA
SETOR DA INDUSTRIA QUE SOFREU O ATAQUE: RETAIL
TIPO DE AMEACA A SEGURANCA CIBERNETICA: PHISHING
PREJUIZO CAUSADO PELO ATAQUE: 90.04
ESTRATEGIA DE DEFESA CIBERNETICA EMPREGADA PARA RESOLVER O PROBLEMA: AI-BASED DETECTION

IDENTIFICADOR DO ATAQUE: 1054
ANO EM QUE O ATAQUE OCORREU: 2021
PAIS ONDE OCORREU O ATAQUE: CHINA
SETOR DA INDUSTRIA QUE SOFREU O ATAQUE: RETAIL
TIPO DE AMEACA A SEGURANCA CIBERNETICA: MALWARE
PREJUIZO CAUSADO PELO ATAQUE: 20.52
ESTRATEGIA DE DEFESA CIBERNETICA EMPREGADA PARA RESOLVER O PROBLEMA: ANTIVIRUS

IDENTIFICADOR DO ATAQUE: 1451
ANO EM QUE O ATAQUE OCORREU: 2020
PAIS ONDE OCORREU O ATAQUE: CHINA
SETOR DA INDUSTRIA QUE SOFREU O ATAQUE: RETAIL
TIPO DE AMEACA A SEGURANCA CIBERNETICA: MAN-IN-THE-MIDDLE
PREJUIZO CAUSADO PELO ATAQUE: 34.82
ESTRATEGIA DE DEFESA CIBERNETICA EMPREGADA PARA RESOLVER O PROBLEMA: ANTIVIRUS

IDENTIFICADOR DO ATAQUE: 1476
ANO EM QUE O ATAQUE OCORREU: 2020
PAIS ONDE OCORREU O ATAQUE: CHINA
SETOR DA INDUSTRIA QUE SOFREU O ATAQUE: RETAIL
TIPO DE AMEACA A SEGURANCA CIBERNETICA: MAN-IN-THE-MIDDLE
PREJUIZO CAUSADO PELO ATAQUE: 48.24
ESTRATEGIA DE DEFESA CIBERNETICA EMPREGADA PARA RESOLVER O PROBLEMA: FIREWALL

IDENTIFICADOR DO ATAQUE: 1596
ANO EM QUE O ATAQUE OCORREU: 2022
PAIS ONDE OCORREU O ATAQUE: CHINA
SETOR DA INDUSTRIA QUE SOFREU O ATAQUE: RETAIL
TIPO DE AMEACA A SEGURANCA CIBERNETICA: MALWARE
PREJUIZO CAUSADO PELO ATAQUE: 11.31
ESTRATEGIA DE DEFESA CIBERNETICA EMPREGADA PARA RESOLVER O PROBLEMA: ANTIVIRUS

IDENTIFICADOR DO ATAQUE: 1617
ANO EM QUE O ATAQUE OCORREU: 2024
PAIS ONDE OCORREU O ATAQUE: CHINA
SETOR DA INDUSTRIA QUE SOFREU O ATAQUE: RETAIL
TIPO DE AMEACA A SEGURANCA CIBERNETICA: DDOS
PREJUIZO CAUSADO PELO ATAQUE: 13.17
ESTRATEGIA DE DEFESA CIBERNETICA EMPREGADA PARA RESOLVER O PROBLEMA: ANTIVIRUS

IDENTIFICADOR DO ATAQUE: 1656
ANO EM QUE O ATAQUE OCORREU: 2016
PAIS ONDE OCORREU O ATAQUE: CHINA
SETOR DA INDUSTRIA QUE SOFREU O ATAQUE: RETAIL
TIPO DE AMEACA A SEGURANCA CIBERNETICA: SQL INJECTION
PREJUIZO CAUSADO PELO ATAQUE: 96.28
ESTRATEGIA DE DEFESA CIBERNETICA EMPREGADA PARA RESOLVER O PROBLEMA: FIREWALL

IDENTIFICADOR DO ATAQUE: 1662
ANO EM QUE O ATAQUE OCORREU: 2015
PAIS ONDE OCORREU O ATAQUE: CHINA
SETOR DA INDUSTRIA QUE SOFREU O ATAQUE: RETAIL
TIPO DE AMEACA A SEGURANCA CIBERNETICA: PHISHING
PREJUIZO CAUSADO PELO ATAQUE: 14.72
ESTRATEGIA DE DEFESA CIBERNETICA EMPREGADA PARA RESOLVER O PROBLEMA: AI-BASED DETECTION

IDENTIFICADOR DO ATAQUE: 1797
ANO EM QUE O ATAQUE OCORREU: 2022
PAIS ONDE OCORREU O ATAQUE: CHINA
SETOR DA INDUSTRIA QUE SOFREU O ATAQUE: RETAIL
TIPO DE AMEACA A SEGURANCA CIBERNETICA: DDOS
PREJUIZO CAUSADO PELO ATAQUE: 77.74
ESTRATEGIA DE DEFESA CIBERNETICA EMPREGADA PARA RESOLVER O PROBLEMA: AI-BASED DETECTION

IDENTIFICADOR DO ATAQUE: 1883
ANO EM QUE O ATAQUE OCORREU: 2021
PAIS ONDE OCORREU O ATAQUE: CHINA
SETOR DA INDUSTRIA QUE SOFREU O ATAQUE: RETAIL
TIPO DE AMEACA A SEGURANCA CIBERNETICA: MAN-IN-THE-MIDDLE
PREJUIZO CAUSADO PELO ATAQUE: 49.59
ESTRATEGIA DE DEFESA CIBERNETICA EMPREGADA PARA RESOLVER O PROBLEMA: ANTIVIRUS

IDENTIFICADOR DO ATAQUE: 1905
ANO EM QUE O ATAQUE OCORREU: 2021
PAIS ONDE OCORREU O ATAQUE: CHINA
SETOR DA INDUSTRIA QUE SOFREU O ATAQUE: RETAIL
TIPO DE AMEACA A SEGURANCA CIBERNETICA: RANSOMWARE
PREJUIZO CAUSADO PELO ATAQUE: 12.97
ESTRATEGIA DE DEFESA CIBERNETICA EMPREGADA PARA RESOLVER O PROBLEMA: ANTIVIRUS

IDENTIFICADOR DO ATAQUE: 1985
ANO EM QUE O ATAQUE OCORREU: 2017
PAIS ONDE OCORREU O ATAQUE: CHINA
SETOR DA INDUSTRIA QUE SOFREU O ATAQUE: RETAIL
TIPO DE AMEACA A SEGURANCA CIBERNETICA: MAN-IN-THE-MIDDLE
PREJUIZO CAUSADO PELO ATAQUE: 30.38
ESTRATEGIA DE DEFESA CIBERNETICA EMPREGADA PARA RESOLVER O PROBLEMA: AI-BASED DETECTION

IDENTIFICADOR DO ATAQUE: 2004
ANO EM QUE O ATAQUE OCORREU: 2017
PAIS ONDE OCORREU O ATAQUE: CHINA
SETOR DA INDUSTRIA QUE SOFREU O ATAQUE: RETAIL
TIPO DE AMEACA A SEGURANCA CIBERNETICA: SQL INJECTION
PREJUIZO CAUSADO PELO ATAQUE: 61.83
ESTRATEGIA DE DEFESA CIBERNETICA EMPREGADA PARA RESOLVER O PROBLEMA: FIREWALL

IDENTIFICADOR DO ATAQUE: 2268
ANO EM QUE O ATAQUE OCORREU: 2020
PAIS ONDE OCORREU O ATAQUE: CHINA
SETOR DA INDUSTRIA QUE SOFREU O ATAQUE: RETAIL
TIPO DE AMEACA A SEGURANCA CIBERNETICA: PHISHING
PREJUIZO CAUSADO PELO ATAQUE: 75.95
ESTRATEGIA DE DEFESA CIBERNETICA EMPREGADA PARA RESOLVER O PROBLEMA: AI-BASED DETECTION

IDENTIFICADOR DO ATAQUE: 2302
ANO EM QUE O ATAQUE OCORREU: 2017
PAIS ONDE OCORREU O ATAQUE: CHINA
SETOR DA INDUSTRIA QUE SOFREU O ATAQUE: RETAIL
TIPO DE AMEACA A SEGURANCA CIBERNETICA: DDOS
PREJUIZO CAUSADO PELO ATAQUE: 19.36
ESTRATEGIA DE DEFESA CIBERNETICA EMPREGADA PARA RESOLVER O PROBLEMA: AI-BASED DETECTION

IDENTIFICADOR DO ATAQUE: 2464
ANO EM QUE O ATAQUE OCORREU: 2019
PAIS ONDE OCORREU O ATAQUE: CHINA
SETOR DA INDUSTRIA QUE SOFREU O ATAQUE: RETAIL
TIPO DE AMEACA A SEGURANCA CIBERNETICA: MALWARE
PREJUIZO CAUSADO PELO ATAQUE: 79.37
ESTRATEGIA DE DEFESA CIBERNETICA EMPREGADA PARA RESOLVER O PROBLEMA: VPN

IDENTIFICADOR DO ATAQUE: 2546
ANO EM QUE O ATAQUE OCORREU: 2016
PAIS ONDE OCORREU O ATAQUE: CHINA
SETOR DA INDUSTRIA QUE SOFREU O ATAQUE: RETAIL
TIPO DE AMEACA A SEGURANCA CIBERNETICA: MAN-IN-THE-MIDDLE
PREJUIZO CAUSADO PELO ATAQUE: 82.52
ESTRATEGIA DE DEFESA CIBERNETICA EMPREGADA PARA RESOLVER O PROBLEMA: VPN

IDENTIFICADOR DO ATAQUE: 2547
ANO EM QUE O ATAQUE OCORREU: 2022
PAIS ONDE OCORREU O ATAQUE: CHINA
SETOR DA INDUSTRIA QUE SOFREU O ATAQUE: RETAIL
TIPO DE AMEACA A SEGURANCA CIBERNETICA: RANSOMWARE
PREJUIZO CAUSADO PELO ATAQUE: 36.48
ESTRATEGIA DE DEFESA CIBERNETICA EMPREGADA PARA RESOLVER O PROBLEMA: VPN

IDENTIFICADOR DO ATAQUE: 2613
ANO EM QUE O ATAQUE OCORREU: 2022
PAIS ONDE OCORREU O ATAQUE: CHINA
SETOR DA INDUSTRIA QUE SOFREU O ATAQUE: RETAIL
TIPO DE AMEACA A SEGURANCA CIBERNETICA: PHISHING
PREJUIZO CAUSADO PELO ATAQUE: 51.76
ESTRATEGIA DE DEFESA CIBERNETICA EMPREGADA PARA RESOLVER O PROBLEMA: ENCRYPTION

IDENTIFICADOR DO ATAQUE: 2700
ANO EM QUE O ATAQUE OCORREU: 2019
PAIS ONDE OCORREU O ATAQUE: CHINA
SETOR DA INDUSTRIA QUE SOFREU O ATAQUE: RETAIL
TIPO DE AMEACA A SEGURANCA CIBERNETICA: MALWARE
PREJUIZO CAUSADO PELO ATAQUE: 26.66
ESTRATEGIA DE DEFESA CIBERNETICA EMPREGADA PARA RESOLVER O PROBLEMA: VPN

IDENTIFICADOR DO ATAQUE: 2795
ANO EM QUE O ATAQUE OCORREU: 2020
PAIS ONDE OCORREU O ATAQUE: CHINA
SETOR DA INDUSTRIA QUE SOFREU O ATAQUE: RETAIL
TIPO DE AMEACA A SEGURANCA CIBERNETICA: PHISHING
PREJUIZO CAUSADO PELO ATAQUE: 17.99
ESTRATEGIA DE DEFESA CIBERNETICA EMPREGADA PARA RESOLVER O PROBLEMA: VPN

IDENTIFICADOR DO ATAQUE: 2851
ANO EM QUE O ATAQUE OCORREU: 2019
PAIS ONDE OCORREU O ATAQUE: CHINA
SETOR DA INDUSTRIA QUE SOFREU O ATAQUE: RETAIL
TIPO DE AMEACA A SEGURANCA CIBERNETICA: SQL INJECTION
PREJUIZO CAUSADO PELO ATAQUE: 26.97
ESTRATEGIA DE DEFESA CIBERNETICA EMPREGADA PARA RESOLVER O PROBLEMA: AI-BASED DETECTION

IDENTIFICADOR DO ATAQUE: 2852
ANO EM QUE O ATAQUE OCORREU: 2015
PAIS ONDE OCORREU O ATAQUE: CHINA
SETOR DA INDUSTRIA QUE SOFREU O ATAQUE: RETAIL
TIPO DE AMEACA A SEGURANCA CIBERNETICA: MALWARE
PREJUIZO CAUSADO PELO ATAQUE: 73.45
ESTRATEGIA DE DEFESA CIBERNETICA EMPREGADA PARA RESOLVER O PROBLEMA: ANTIVIRUS

IDENTIFICADOR DO ATAQUE: 2853
ANO EM QUE O ATAQUE OCORREU: 2021
PAIS ONDE OCORREU O ATAQUE: CHINA
SETOR DA INDUSTRIA QUE SOFREU O ATAQUE: RETAIL
TIPO DE AMEACA A SEGURANCA CIBERNETICA: RANSOMWARE
PREJUIZO CAUSADO PELO ATAQUE: 40.01
ESTRATEGIA DE DEFESA CIBERNETICA EMPREGADA PARA RESOLVER O PROBLEMA: AI-BASED DETECTION

IDENTIFICADOR DO ATAQUE: 2902
ANO EM QUE O ATAQUE OCORREU: 2021
PAIS ONDE OCORREU O ATAQUE: CHINA
SETOR DA INDUSTRIA QUE SOFREU O ATAQUE: RETAIL
TIPO DE AMEACA A SEGURANCA CIBERNETICA: PHISHING
PREJUIZO CAUSADO PELO ATAQUE: 41.97
ESTRATEGIA DE DEFESA CIBERNETICA EMPREGADA PARA RESOLVER O PROBLEMA: ANTIVIRUS

IDENTIFICADOR DO ATAQUE: 2955
ANO EM QUE O ATAQUE OCORREU: 2024
PAIS ONDE OCORREU O ATAQUE: CHINA
SETOR DA INDUSTRIA QUE SOFREU O ATAQUE: RETAIL
TIPO DE AMEACA A SEGURANCA CIBERNETICA: PHISHING
PREJUIZO CAUSADO PELO ATAQUE: 11.72
ESTRATEGIA DE DEFESA CIBERNETICA EMPREGADA PARA RESOLVER O PROBLEMA: FIREWALL

**********
